<?xml version="1.0" encoding="UTF-8"?>
<!-- Generated by org.testng.reporters.JUnitReportReporter -->
<testsuite hostname="DESKTOP-EDO561C" name="gitTest.GitTest" tests="1" failures="0" timestamp="13 Aug 2020 04:39:42 GMT" time="49.395" errors="0">
  <testcase name="logintest" time="49.395" classname="gitTest.GitTest"/>
</testsuite> <!-- gitTest.GitTest -->
