<?xml version="1.0" encoding="UTF-8"?>
<!-- Generated by org.testng.reporters.JUnitReportReporter -->
<testsuite hostname="DESKTOP-EDO561C" name="gitTest.GitTest" tests="1" failures="0" timestamp="18 Aug 2020 03:51:42 GMT" time="66.318" errors="0">
  <testcase name="logintest" time="66.318" classname="gitTest.GitTest"/>
</testsuite> <!-- gitTest.GitTest -->
