<?xml version="1.0" encoding="UTF-8"?>
<!-- Generated by org.testng.reporters.JUnitReportReporter -->
<testsuite skipped="0" hostname="DESKTOP-EDO561C" name="gitTest.GitTest" tests="1" failures="0" timestamp="20 Aug 2020 05:12:17 GMT" time="106.890" errors="0">
  <testcase name="logintest" time="106.890" classname="gitTest.GitTest"/>
</testsuite> <!-- gitTest.GitTest -->
